Build started 12.1.2016 г. 02:19:59.
Project "D:\Kursovi raboti\Веси Иванов\Library\Library.vcxproj" on node 2 (rebuild target(s)).
_PrepareForClean:
  Deleting file "Release\Library.lastbuildstate".
InitializeBuildStatus:
  Creating "Release\Library.unsuccessfulbuild" because "AlwaysCreate" was specified.
ClCompile:
  C:\Program Files\Microsoft Visual Studio 10.0\VC\bin\CL.exe /c /Zi /nologo /W3 /WX- /O2 /Oi /Oy- /GL /D WIN32 /D NDEBUG /D _CONSOLE /D _UNICODE /D UNICODE /Gm- /EHsc /MD /GS /Gy /fp:precise /Zc:wchar_t /Zc:forScope /Fo"Release\\" /Fd"Release\vc100.pdb" /Gd /TP /analyze- /errorReport:prompt Book.cpp Date.cpp
  Book.cpp
  Date.cpp
Link:
  C:\Program Files\Microsoft Visual Studio 10.0\VC\bin\link.exe /ERRORREPORT:PROMPT /OUT:"D:\Kursovi raboti\Веси Иванов\Library\Release\Library.exe" /INCREMENTAL:NO /NOLOGO kernel32.lib user32.lib gdi32.lib winspool.lib comdlg32.lib advapi32.lib shell32.lib ole32.lib oleaut32.lib uuid.lib odbc32.lib odbccp32.lib /MANIFEST /ManifestFile:"Release\Library.exe.intermediate.manifest" /MANIFESTUAC:"level='asInvoker' uiAccess='false'" /DEBUG /PDB:"D:\Kursovi raboti\Веси Иванов\Library\Release\Library.pdb" /SUBSYSTEM:CONSOLE /OPT:REF /OPT:ICF /LTCG /TLBID:1 /DYNAMICBASE /NXCOMPAT /IMPLIB:"D:\Kursovi raboti\Веси Иванов\Library\Release\Library.lib" /MACHINE:X86 Release\Book.obj
  Release\Date.obj
  Generating code
  Finished generating code
  Library.vcxproj -> D:\Kursovi raboti\Веси Иванов\Library\Release\Library.exe
Manifest:
  C:\Program Files\Microsoft SDKs\Windows\v7.0A\bin\mt.exe /nologo /verbose /outputresource:"D:\Kursovi raboti\Веси Иванов\Library\Release\Library.exe;#1" /manifest Release\Library.exe.intermediate.manifest
FinalizeBuildStatus:
  Deleting file "Release\Library.unsuccessfulbuild".
  Touching "Release\Library.lastbuildstate".
Done Building Project "D:\Kursovi raboti\Веси Иванов\Library\Library.vcxproj" (rebuild target(s)).

Build succeeded.

Time Elapsed 00:00:06.53
