D:\KURSOVI RABOTI\SEVDALIN MILKOV\ZADACHA 4\DEBUG\ZADACHA 4.EXE
D:\KURSOVI RABOTI\SEVDALIN MILKOV\ZADACHA 4\DEBUG\ZADACHA 4.ILK
D:\KURSOVI RABOTI\SEVDALIN MILKOV\ZADACHA 4\DEBUG\ZADACHA 4.PDB
D:\Kursovi raboti\Sevdalin Milkov\Zadacha 4\Zadacha 4\Debug\cl.command.1.tlog
D:\Kursovi raboti\Sevdalin Milkov\Zadacha 4\Zadacha 4\Debug\CL.read.1.tlog
D:\Kursovi raboti\Sevdalin Milkov\Zadacha 4\Zadacha 4\Debug\CL.write.1.tlog
D:\Kursovi raboti\Sevdalin Milkov\Zadacha 4\Zadacha 4\Debug\link.5708.read.1.tlog
D:\Kursovi raboti\Sevdalin Milkov\Zadacha 4\Zadacha 4\Debug\link.5708.write.1.tlog
D:\Kursovi raboti\Sevdalin Milkov\Zadacha 4\Zadacha 4\Debug\link.5708-cvtres.read.1.tlog
D:\Kursovi raboti\Sevdalin Milkov\Zadacha 4\Zadacha 4\Debug\link.5708-cvtres.write.1.tlog
D:\Kursovi raboti\Sevdalin Milkov\Zadacha 4\Zadacha 4\Debug\link.command.1.tlog
D:\Kursovi raboti\Sevdalin Milkov\Zadacha 4\Zadacha 4\Debug\link.read.1.tlog
D:\Kursovi raboti\Sevdalin Milkov\Zadacha 4\Zadacha 4\Debug\link.write.1.tlog
D:\Kursovi raboti\Sevdalin Milkov\Zadacha 4\Zadacha 4\Debug\link-cvtres.read.1.tlog
D:\Kursovi raboti\Sevdalin Milkov\Zadacha 4\Zadacha 4\Debug\link-cvtres.write.1.tlog
D:\Kursovi raboti\Sevdalin Milkov\Zadacha 4\Zadacha 4\Debug\mt.command.1.tlog
D:\Kursovi raboti\Sevdalin Milkov\Zadacha 4\Zadacha 4\Debug\mt.read.1.tlog
D:\Kursovi raboti\Sevdalin Milkov\Zadacha 4\Zadacha 4\Debug\mt.write.1.tlog
D:\Kursovi raboti\Sevdalin Milkov\Zadacha 4\Zadacha 4\Debug\rc.command.1.tlog
D:\Kursovi raboti\Sevdalin Milkov\Zadacha 4\Zadacha 4\Debug\rc.read.1.tlog
D:\Kursovi raboti\Sevdalin Milkov\Zadacha 4\Zadacha 4\Debug\rc.write.1.tlog
D:\Kursovi raboti\Sevdalin Milkov\Zadacha 4\Zadacha 4\Debug\vc100.idb
D:\KURSOVI RABOTI\SEVDALIN MILKOV\ZADACHA 4\ZADACHA 4\DEBUG\VC100.PDB
D:\KURSOVI RABOTI\SEVDALIN MILKOV\ZADACHA 4\ZADACHA 4\DEBUG\ZADACHA 4.EXE.EMBED.MANIFEST
D:\KURSOVI RABOTI\SEVDALIN MILKOV\ZADACHA 4\ZADACHA 4\DEBUG\ZADACHA 4.EXE.EMBED.MANIFEST.RES
D:\KURSOVI RABOTI\SEVDALIN MILKOV\ZADACHA 4\ZADACHA 4\DEBUG\ZADACHA 4.EXE.INTERMEDIATE.MANIFEST
D:\Kursovi raboti\Sevdalin Milkov\Zadacha 4\Zadacha 4\Debug\Zadacha 4_manifest.rc
D:\KURSOVI RABOTI\SEVDALIN MILKOV\ZADACHA 4\ZADACHA 4\DEBUG\ZADACHA4.OBJ
