Build started 09.2.2016 г. 22:49:22.
Project "D:\Kursovi raboti\Sevdalin Milkov\Zadacha 4\Zadacha 4\Zadacha 4.vcxproj" on node 2 (rebuild target(s)).
_PrepareForClean:
  Deleting file "Debug\Zadacha 4.lastbuildstate".
InitializeBuildStatus:
  Creating "Debug\Zadacha 4.unsuccessfulbuild" because "AlwaysCreate" was specified.
ClCompile:
  C:\Program Files\Microsoft Visual Studio 10.0\VC\bin\CL.exe /c /ZI /nologo /W3 /WX- /Od /Oy- /D WIN32 /D _DEBUG /D _CONSOLE /D _UNICODE /D UNICODE /Gm /EHsc /RTC1 /MDd /GS /fp:precise /Zc:wchar_t /Zc:forScope /Fo"Debug\\" /Fd"Debug\vc100.pdb" /Gd /TP /analyze- /errorReport:prompt Zadacha4.cpp
  Zadacha4.cpp
ManifestResourceCompile:
  C:\Program Files\Microsoft SDKs\Windows\v7.0A\bin\rc.exe /nologo /fo"Debug\Zadacha 4.exe.embed.manifest.res" "Debug\Zadacha 4_manifest.rc" 
Link:
  C:\Program Files\Microsoft Visual Studio 10.0\VC\bin\link.exe /ERRORREPORT:PROMPT /OUT:"D:\Kursovi raboti\Sevdalin Milkov\Zadacha 4\Debug\Zadacha 4.exe" /INCREMENTAL /NOLOGO kernel32.lib user32.lib gdi32.lib winspool.lib comdlg32.lib advapi32.lib shell32.lib ole32.lib oleaut32.lib uuid.lib odbc32.lib odbccp32.lib /MANIFEST /ManifestFile:"Debug\Zadacha 4.exe.intermediate.manifest" /MANIFESTUAC:"level='asInvoker' uiAccess='false'" /DEBUG /PDB:"D:\Kursovi raboti\Sevdalin Milkov\Zadacha 4\Debug\Zadacha 4.pdb" /SUBSYSTEM:CONSOLE /TLBID:1 /DYNAMICBASE /NXCOMPAT /IMPLIB:"D:\Kursovi raboti\Sevdalin Milkov\Zadacha 4\Debug\Zadacha 4.lib" /MACHINE:X86 "Debug\Zadacha 4.exe.embed.manifest.res"
  Debug\Zadacha4.obj
Manifest:
  Deleting file "Debug\Zadacha 4.exe.embed.manifest".
  C:\Program Files\Microsoft SDKs\Windows\v7.0A\bin\mt.exe /nologo /verbose /out:"Debug\Zadacha 4.exe.embed.manifest" /manifest "Debug\Zadacha 4.exe.intermediate.manifest"
  C:\Program Files\Microsoft SDKs\Windows\v7.0A\bin\rc.exe /nologo /fo"Debug\Zadacha 4.exe.embed.manifest.res" "Debug\Zadacha 4_manifest.rc" 
LinkEmbedManifest:
  C:\Program Files\Microsoft Visual Studio 10.0\VC\bin\link.exe /ERRORREPORT:PROMPT /OUT:"D:\Kursovi raboti\Sevdalin Milkov\Zadacha 4\Debug\Zadacha 4.exe" /INCREMENTAL /NOLOGO kernel32.lib user32.lib gdi32.lib winspool.lib comdlg32.lib advapi32.lib shell32.lib ole32.lib oleaut32.lib uuid.lib odbc32.lib odbccp32.lib /MANIFEST /ManifestFile:"Debug\Zadacha 4.exe.intermediate.manifest" /MANIFESTUAC:"level='asInvoker' uiAccess='false'" /DEBUG /PDB:"D:\Kursovi raboti\Sevdalin Milkov\Zadacha 4\Debug\Zadacha 4.pdb" /SUBSYSTEM:CONSOLE /TLBID:1 /DYNAMICBASE /NXCOMPAT /IMPLIB:"D:\Kursovi raboti\Sevdalin Milkov\Zadacha 4\Debug\Zadacha 4.lib" /MACHINE:X86 "Debug\Zadacha 4.exe.embed.manifest.res"
  Debug\Zadacha4.obj
  Zadacha 4.vcxproj -> D:\Kursovi raboti\Sevdalin Milkov\Zadacha 4\Debug\Zadacha 4.exe
FinalizeBuildStatus:
  Deleting file "Debug\Zadacha 4.unsuccessfulbuild".
  Touching "Debug\Zadacha 4.lastbuildstate".
Done Building Project "D:\Kursovi raboti\Sevdalin Milkov\Zadacha 4\Zadacha 4\Zadacha 4.vcxproj" (rebuild target(s)).

Build succeeded.

Time Elapsed 00:00:07.65
