D:\KURSOVI RABOTI\Веси Иванов\LIBRARY\DEBUG\BOOK.OBJ
D:\Kursovi raboti\Веси Иванов\Library\Debug\cl.command.1.tlog
D:\Kursovi raboti\Веси Иванов\Library\Debug\CL.read.1.tlog
D:\Kursovi raboti\Веси Иванов\Library\Debug\CL.write.1.tlog
D:\KURSOVI RABOTI\Веси Иванов\LIBRARY\DEBUG\DATE.OBJ
D:\KURSOVI RABOTI\Веси Иванов\LIBRARY\DEBUG\LIBRARY.EXE
D:\KURSOVI RABOTI\Веси Иванов\LIBRARY\DEBUG\LIBRARY.EXE.EMBED.MANIFEST
D:\KURSOVI RABOTI\Веси Иванов\LIBRARY\DEBUG\LIBRARY.EXE.EMBED.MANIFEST.RES
D:\KURSOVI RABOTI\Веси Иванов\LIBRARY\DEBUG\LIBRARY.EXE.INTERMEDIATE.MANIFEST
D:\KURSOVI RABOTI\Веси Иванов\LIBRARY\DEBUG\LIBRARY.ILK
D:\KURSOVI RABOTI\ВЕСИ ИВАНОВ\LIBRARY\DEBUG\LIBRARY.PDB
D:\Kursovi raboti\Веси Иванов\Library\Debug\Library_manifest.rc
D:\Kursovi raboti\Веси Иванов\Library\Debug\link.3904.read.1.tlog
D:\Kursovi raboti\Веси Иванов\Library\Debug\link.3904.write.1.tlog
D:\Kursovi raboti\Веси Иванов\Library\Debug\link.3904-cvtres.read.1.tlog
D:\Kursovi raboti\Веси Иванов\Library\Debug\link.3904-cvtres.write.1.tlog
D:\Kursovi raboti\Веси Иванов\Library\Debug\link.command.1.tlog
D:\Kursovi raboti\Веси Иванов\Library\Debug\link.read.1.tlog
D:\Kursovi raboti\Веси Иванов\Library\Debug\link.write.1.tlog
D:\Kursovi raboti\Веси Иванов\Library\Debug\link-cvtres.read.1.tlog
D:\Kursovi raboti\Веси Иванов\Library\Debug\link-cvtres.write.1.tlog
D:\Kursovi raboti\Веси Иванов\Library\Debug\mt.command.1.tlog
D:\Kursovi raboti\Веси Иванов\Library\Debug\mt.read.1.tlog
D:\Kursovi raboti\Веси Иванов\Library\Debug\mt.write.1.tlog
D:\Kursovi raboti\Веси Иванов\Library\Debug\rc.command.1.tlog
D:\Kursovi raboti\Веси Иванов\Library\Debug\rc.read.1.tlog
D:\Kursovi raboti\Веси Иванов\Library\Debug\rc.write.1.tlog
D:\Kursovi raboti\Веси Иванов\Library\Debug\vc100.idb
D:\KURSOVI RABOTI\ВЕСИ ИВАНОВ\LIBRARY\DEBUG\VC100.PDB
