Build started 12.1.2016 г. 02:20:06.
Project "D:\Kursovi raboti\Веси Иванов\Library\Library.vcxproj" on node 2 (rebuild target(s)).
_PrepareForClean:
  Deleting file "Debug\Library.lastbuildstate".
InitializeBuildStatus:
  Creating "Debug\Library.unsuccessfulbuild" because "AlwaysCreate" was specified.
ClCompile:
  C:\Program Files\Microsoft Visual Studio 10.0\VC\bin\CL.exe /c /ZI /nologo /W3 /WX- /Od /Oy- /D WIN32 /D _DEBUG /D _CONSOLE /D _UNICODE /D UNICODE /Gm /EHsc /RTC1 /MDd /GS /fp:precise /Zc:wchar_t /Zc:forScope /Fo"Debug\\" /Fd"Debug\vc100.pdb" /Gd /TP /analyze- /errorReport:prompt Book.cpp Date.cpp
  Date.cpp
  Book.cpp
  Generating Code...
ManifestResourceCompile:
  C:\Program Files\Microsoft SDKs\Windows\v7.0A\bin\rc.exe /nologo /fo"Debug\Library.exe.embed.manifest.res" Debug\Library_manifest.rc 
Link:
  C:\Program Files\Microsoft Visual Studio 10.0\VC\bin\link.exe /ERRORREPORT:PROMPT /OUT:"D:\Kursovi raboti\Веси Иванов\Library\Debug\Library.exe" /INCREMENTAL /NOLOGO kernel32.lib user32.lib gdi32.lib winspool.lib comdlg32.lib advapi32.lib shell32.lib ole32.lib oleaut32.lib uuid.lib odbc32.lib odbccp32.lib /MANIFEST /ManifestFile:"Debug\Library.exe.intermediate.manifest" /MANIFESTUAC:"level='asInvoker' uiAccess='false'" /DEBUG /PDB:"D:\Kursovi raboti\Веси Иванов\Library\Debug\Library.pdb" /SUBSYSTEM:CONSOLE /TLBID:1 /DYNAMICBASE /NXCOMPAT /IMPLIB:"D:\Kursovi raboti\Веси Иванов\Library\Debug\Library.lib" /MACHINE:X86 Debug\Library.exe.embed.manifest.res
  Debug\Book.obj
  Debug\Date.obj
Manifest:
  Deleting file "Debug\Library.exe.embed.manifest".
  C:\Program Files\Microsoft SDKs\Windows\v7.0A\bin\mt.exe /nologo /verbose /out:"Debug\Library.exe.embed.manifest" /manifest Debug\Library.exe.intermediate.manifest
  C:\Program Files\Microsoft SDKs\Windows\v7.0A\bin\rc.exe /nologo /fo"Debug\Library.exe.embed.manifest.res" Debug\Library_manifest.rc 
LinkEmbedManifest:
  C:\Program Files\Microsoft Visual Studio 10.0\VC\bin\link.exe /ERRORREPORT:PROMPT /OUT:"D:\Kursovi raboti\Веси Иванов\Library\Debug\Library.exe" /INCREMENTAL /NOLOGO kernel32.lib user32.lib gdi32.lib winspool.lib comdlg32.lib advapi32.lib shell32.lib ole32.lib oleaut32.lib uuid.lib odbc32.lib odbccp32.lib /MANIFEST /ManifestFile:"Debug\Library.exe.intermediate.manifest" /MANIFESTUAC:"level='asInvoker' uiAccess='false'" /DEBUG /PDB:"D:\Kursovi raboti\Веси Иванов\Library\Debug\Library.pdb" /SUBSYSTEM:CONSOLE /TLBID:1 /DYNAMICBASE /NXCOMPAT /IMPLIB:"D:\Kursovi raboti\Веси Иванов\Library\Debug\Library.lib" /MACHINE:X86 Debug\Library.exe.embed.manifest.res
  Debug\Book.obj
  Debug\Date.obj
  Library.vcxproj -> D:\Kursovi raboti\Веси Иванов\Library\Debug\Library.exe
FinalizeBuildStatus:
  Deleting file "Debug\Library.unsuccessfulbuild".
  Touching "Debug\Library.lastbuildstate".
Done Building Project "D:\Kursovi raboti\Веси Иванов\Library\Library.vcxproj" (rebuild target(s)).

Build succeeded.

Time Elapsed 00:00:05.87
