D:\KURSOVI RABOTI\DANIEL STOILOV\PROGRAMIRANE\ZAD5\DEBUG\ZAD5.EXE
D:\KURSOVI RABOTI\DANIEL STOILOV\PROGRAMIRANE\ZAD5\DEBUG\ZAD5.ILK
D:\KURSOVI RABOTI\DANIEL STOILOV\PROGRAMIRANE\ZAD5\DEBUG\ZAD5.PDB
D:\Kursovi raboti\Daniel Stoilov\Programirane\Zad5\Zad5\Debug\cl.command.1.tlog
D:\Kursovi raboti\Daniel Stoilov\Programirane\Zad5\Zad5\Debug\CL.read.1.tlog
D:\Kursovi raboti\Daniel Stoilov\Programirane\Zad5\Zad5\Debug\CL.write.1.tlog
D:\Kursovi raboti\Daniel Stoilov\Programirane\Zad5\Zad5\Debug\link.4336.read.1.tlog
D:\Kursovi raboti\Daniel Stoilov\Programirane\Zad5\Zad5\Debug\link.4336.write.1.tlog
D:\Kursovi raboti\Daniel Stoilov\Programirane\Zad5\Zad5\Debug\link.4336-cvtres.read.1.tlog
D:\Kursovi raboti\Daniel Stoilov\Programirane\Zad5\Zad5\Debug\link.4336-cvtres.write.1.tlog
D:\Kursovi raboti\Daniel Stoilov\Programirane\Zad5\Zad5\Debug\link.command.1.tlog
D:\Kursovi raboti\Daniel Stoilov\Programirane\Zad5\Zad5\Debug\link.read.1.tlog
D:\Kursovi raboti\Daniel Stoilov\Programirane\Zad5\Zad5\Debug\link.write.1.tlog
D:\Kursovi raboti\Daniel Stoilov\Programirane\Zad5\Zad5\Debug\link-cvtres.read.1.tlog
D:\Kursovi raboti\Daniel Stoilov\Programirane\Zad5\Zad5\Debug\link-cvtres.write.1.tlog
D:\Kursovi raboti\Daniel Stoilov\Programirane\Zad5\Zad5\Debug\mt.command.1.tlog
D:\Kursovi raboti\Daniel Stoilov\Programirane\Zad5\Zad5\Debug\mt.read.1.tlog
D:\Kursovi raboti\Daniel Stoilov\Programirane\Zad5\Zad5\Debug\mt.write.1.tlog
D:\Kursovi raboti\Daniel Stoilov\Programirane\Zad5\Zad5\Debug\rc.command.1.tlog
D:\Kursovi raboti\Daniel Stoilov\Programirane\Zad5\Zad5\Debug\rc.read.1.tlog
D:\Kursovi raboti\Daniel Stoilov\Programirane\Zad5\Zad5\Debug\rc.write.1.tlog
D:\Kursovi raboti\Daniel Stoilov\Programirane\Zad5\Zad5\Debug\vc100.idb
D:\KURSOVI RABOTI\DANIEL STOILOV\PROGRAMIRANE\ZAD5\ZAD5\DEBUG\VC100.PDB
D:\KURSOVI RABOTI\DANIEL STOILOV\PROGRAMIRANE\ZAD5\ZAD5\DEBUG\ZAD5.EXE.EMBED.MANIFEST
D:\KURSOVI RABOTI\DANIEL STOILOV\PROGRAMIRANE\ZAD5\ZAD5\DEBUG\ZAD5.EXE.EMBED.MANIFEST.RES
D:\KURSOVI RABOTI\DANIEL STOILOV\PROGRAMIRANE\ZAD5\ZAD5\DEBUG\ZAD5.EXE.INTERMEDIATE.MANIFEST
D:\KURSOVI RABOTI\DANIEL STOILOV\PROGRAMIRANE\ZAD5\ZAD5\DEBUG\ZAD5.OBJ
D:\Kursovi raboti\Daniel Stoilov\Programirane\Zad5\Zad5\Debug\Zad5_manifest.rc
