Build started 30.1.2016 г. 17:03:31.
Project "D:\Kursovi raboti\Daniel Stoilov\Programirane\Zad5\Zad5\Zad5.vcxproj" on node 2 (build target(s)).
PrepareForBuild:
  Creating directory "D:\Kursovi raboti\Daniel Stoilov\Programirane\Zad5\Debug\".
InitializeBuildStatus:
  Creating "Debug\Zad5.unsuccessfulbuild" because "AlwaysCreate" was specified.
ClCompile:
  C:\Program Files\Microsoft Visual Studio 10.0\VC\bin\CL.exe /c /ZI /nologo /W3 /WX- /Od /Oy- /D WIN32 /D _DEBUG /D _CONSOLE /D _UNICODE /D UNICODE /Gm /EHsc /RTC1 /MDd /GS /fp:precise /Zc:wchar_t /Zc:forScope /Fo"Debug\\" /Fd"Debug\vc100.pdb" /Gd /TP /analyze- /errorReport:prompt zad5.cpp
  zad5.cpp
ManifestResourceCompile:
  C:\Program Files\Microsoft SDKs\Windows\v7.0A\bin\rc.exe /nologo /fo"Debug\Zad5.exe.embed.manifest.res" Debug\Zad5_manifest.rc 
Link:
  C:\Program Files\Microsoft Visual Studio 10.0\VC\bin\link.exe /ERRORREPORT:PROMPT /OUT:"D:\Kursovi raboti\Daniel Stoilov\Programirane\Zad5\Debug\Zad5.exe" /INCREMENTAL /NOLOGO kernel32.lib user32.lib gdi32.lib winspool.lib comdlg32.lib advapi32.lib shell32.lib ole32.lib oleaut32.lib uuid.lib odbc32.lib odbccp32.lib /MANIFEST /ManifestFile:"Debug\Zad5.exe.intermediate.manifest" /MANIFESTUAC:"level='asInvoker' uiAccess='false'" /DEBUG /PDB:"D:\Kursovi raboti\Daniel Stoilov\Programirane\Zad5\Debug\Zad5.pdb" /SUBSYSTEM:CONSOLE /TLBID:1 /DYNAMICBASE /NXCOMPAT /IMPLIB:"D:\Kursovi raboti\Daniel Stoilov\Programirane\Zad5\Debug\Zad5.lib" /MACHINE:X86 Debug\Zad5.exe.embed.manifest.res
  Debug\zad5.obj
Manifest:
  C:\Program Files\Microsoft SDKs\Windows\v7.0A\bin\mt.exe /nologo /verbose /out:"Debug\Zad5.exe.embed.manifest" /manifest Debug\Zad5.exe.intermediate.manifest
  C:\Program Files\Microsoft SDKs\Windows\v7.0A\bin\rc.exe /nologo /fo"Debug\Zad5.exe.embed.manifest.res" Debug\Zad5_manifest.rc 
LinkEmbedManifest:
  C:\Program Files\Microsoft Visual Studio 10.0\VC\bin\link.exe /ERRORREPORT:PROMPT /OUT:"D:\Kursovi raboti\Daniel Stoilov\Programirane\Zad5\Debug\Zad5.exe" /INCREMENTAL /NOLOGO kernel32.lib user32.lib gdi32.lib winspool.lib comdlg32.lib advapi32.lib shell32.lib ole32.lib oleaut32.lib uuid.lib odbc32.lib odbccp32.lib /MANIFEST /ManifestFile:"Debug\Zad5.exe.intermediate.manifest" /MANIFESTUAC:"level='asInvoker' uiAccess='false'" /DEBUG /PDB:"D:\Kursovi raboti\Daniel Stoilov\Programirane\Zad5\Debug\Zad5.pdb" /SUBSYSTEM:CONSOLE /TLBID:1 /DYNAMICBASE /NXCOMPAT /IMPLIB:"D:\Kursovi raboti\Daniel Stoilov\Programirane\Zad5\Debug\Zad5.lib" /MACHINE:X86 Debug\Zad5.exe.embed.manifest.res
  Debug\zad5.obj
  Zad5.vcxproj -> D:\Kursovi raboti\Daniel Stoilov\Programirane\Zad5\Debug\Zad5.exe
FinalizeBuildStatus:
  Deleting file "Debug\Zad5.unsuccessfulbuild".
  Touching "Debug\Zad5.lastbuildstate".
Done Building Project "D:\Kursovi raboti\Daniel Stoilov\Programirane\Zad5\Zad5\Zad5.vcxproj" (build target(s)).

Build succeeded.

Time Elapsed 00:00:05.29
