Build started 30.1.2016 г. 17:03:41.
Project "D:\Kursovi raboti\Daniel Stoilov\Programirane\Zad5\Zad5\Zad5.vcxproj" on node 2 (build target(s)).
PrepareForBuild:
  Creating directory "D:\Kursovi raboti\Daniel Stoilov\Programirane\Zad5\Release\".
InitializeBuildStatus:
  Creating "Release\Zad5.unsuccessfulbuild" because "AlwaysCreate" was specified.
ClCompile:
  C:\Program Files\Microsoft Visual Studio 10.0\VC\bin\CL.exe /c /Zi /nologo /W3 /WX- /O2 /Oi /Oy- /GL /D WIN32 /D NDEBUG /D _CONSOLE /D _UNICODE /D UNICODE /Gm- /EHsc /MD /GS /Gy /fp:precise /Zc:wchar_t /Zc:forScope /Fo"Release\\" /Fd"Release\vc100.pdb" /Gd /TP /analyze- /errorReport:prompt zad5.cpp
  zad5.cpp
Link:
  C:\Program Files\Microsoft Visual Studio 10.0\VC\bin\link.exe /ERRORREPORT:PROMPT /OUT:"D:\Kursovi raboti\Daniel Stoilov\Programirane\Zad5\Release\Zad5.exe" /INCREMENTAL:NO /NOLOGO kernel32.lib user32.lib gdi32.lib winspool.lib comdlg32.lib advapi32.lib shell32.lib ole32.lib oleaut32.lib uuid.lib odbc32.lib odbccp32.lib /MANIFEST /ManifestFile:"Release\Zad5.exe.intermediate.manifest" /MANIFESTUAC:"level='asInvoker' uiAccess='false'" /DEBUG /PDB:"D:\Kursovi raboti\Daniel Stoilov\Programirane\Zad5\Release\Zad5.pdb" /SUBSYSTEM:CONSOLE /OPT:REF /OPT:ICF /LTCG /TLBID:1 /DYNAMICBASE /NXCOMPAT /IMPLIB:"D:\Kursovi raboti\Daniel Stoilov\Programirane\Zad5\Release\Zad5.lib" /MACHINE:X86 Release\zad5.obj
  Generating code
  Finished generating code
  Zad5.vcxproj -> D:\Kursovi raboti\Daniel Stoilov\Programirane\Zad5\Release\Zad5.exe
Manifest:
  C:\Program Files\Microsoft SDKs\Windows\v7.0A\bin\mt.exe /nologo /verbose /outputresource:"D:\Kursovi raboti\Daniel Stoilov\Programirane\Zad5\Release\Zad5.exe;#1" /manifest Release\Zad5.exe.intermediate.manifest
FinalizeBuildStatus:
  Deleting file "Release\Zad5.unsuccessfulbuild".
  Touching "Release\Zad5.lastbuildstate".
Done Building Project "D:\Kursovi raboti\Daniel Stoilov\Programirane\Zad5\Zad5\Zad5.vcxproj" (build target(s)).

Build succeeded.

Time Elapsed 00:00:02.95
